<?xml version="1.0" encoding="UTF-8"?>
<!-- Generated by org.testng.reporters.JUnitReportReporter -->
<testsuite hostname="DESKTOP-M7U9PIU" failures="0" tests="7" name="tests.Runner2" time="107.386" errors="0" timestamp="2023-11-10T11:48:06 IST" skipped="0">
  <testcase classname="tests.Runner2" name="runScenario" time="9.156"/>
  <system-out/>
  <testcase classname="tests.Runner2" name="runScenario" time="10.301"/>
  <system-out/>
  <testcase classname="tests.Runner2" name="runScenario" time="8.945"/>
  <system-out/>
  <testcase classname="tests.Runner2" name="runScenario" time="35.102"/>
  <system-out/>
  <testcase classname="tests.Runner2" name="runScenario" time="10.769"/>
  <system-out/>
  <testcase classname="tests.Runner2" name="runScenario" time="21.865"/>
  <system-out/>
  <testcase classname="tests.Runner2" name="runScenario" time="11.248"/>
  <system-out/>
</testsuite> <!-- tests.Runner2 -->
