<?xml version="1.0" encoding="UTF-8"?>
<!-- Generated by org.testng.reporters.JUnitReportReporter -->
<testsuite hostname="DESKTOP-M7U9PIU" failures="0" tests="3" name="tests.Runner1" time="57.003" errors="0" timestamp="2023-11-10T12:39:06 IST" skipped="0">
  <testcase classname="tests.Runner1" name="runScenario" time="10.818"/>
  <system-out/>
  <testcase classname="tests.Runner1" name="runScenario" time="13.776"/>
  <system-out/>
  <testcase classname="tests.Runner1" name="runScenario" time="32.409"/>
  <system-out/>
</testsuite> <!-- tests.Runner1 -->
