<?xml version="1.0" encoding="UTF-8"?>
<!-- Generated by org.testng.reporters.JUnitReportReporter -->
<testsuite skipped="0" hostname="KALAMSIR-PC" name="tests.Runner1" tests="3" failures="0" timestamp="2022-12-24T11:41:44 IST" time="53.955" errors="0">
  <testcase name="runScenario" time="39.643" classname="tests.Runner1"/>
  <system-out/>
  <testcase name="runScenario" time="6.963" classname="tests.Runner1"/>
  <system-out/>
  <testcase name="runScenario" time="7.349" classname="tests.Runner1"/>
  <system-out/>
</testsuite> <!-- tests.Runner1 -->
