<?xml version="1.0" encoding="UTF-8"?>
<!-- Generated by org.testng.reporters.JUnitReportReporter -->
<testsuite skipped="0" hostname="KALAMSIR-PC" name="tests.Runner2" tests="7" failures="0" timestamp="2022-12-24T11:41:44 IST" time="95.695" errors="0">
  <testcase name="runScenario" time="10.456" classname="tests.Runner2"/>
  <system-out/>
  <testcase name="runScenario" time="6.782" classname="tests.Runner2"/>
  <system-out/>
  <testcase name="runScenario" time="8.620" classname="tests.Runner2"/>
  <system-out/>
  <testcase name="runScenario" time="11.314" classname="tests.Runner2"/>
  <system-out/>
  <testcase name="runScenario" time="10.273" classname="tests.Runner2"/>
  <system-out/>
  <testcase name="runScenario" time="40.709" classname="tests.Runner2"/>
  <system-out/>
  <testcase name="runScenario" time="7.541" classname="tests.Runner2"/>
  <system-out/>
</testsuite> <!-- tests.Runner2 -->
